f:\计算机网络课设\network\client_1\debug\vc142.pdb
f:\计算机网络课设\network\client_1\debug\vc142.idb
f:\计算机网络课设\network\client_1\debug\源.obj
f:\计算机网络课设\network\client_1\debug\pch.obj
f:\计算机网络课设\network\client_1\debug\client_1.obj
f:\计算机网络课设\network\client_1\debug\client_1.exe
f:\计算机网络课设\network\client_1\debug\client_1.ilk
f:\计算机网络课设\network\client_1\debug\client_1.pdb
f:\计算机网络课设\network\client_1\debug\client_2.ilk
f:\计算机网络课设\network\client_1\debug\client_4.ilk
f:\计算机网络课设\network\client_1\debug\ioclient_2.ilk
f:\计算机网络课设\network\client_1\debug\iorawsocket_3.ilk
f:\计算机网络课设\network\client_1\debug\ioserver_2.ilk
f:\计算机网络课设\network\client_1\debug\rowsocket_3.ilk
f:\计算机网络课设\network\client_1\debug\server_1.ilk
f:\计算机网络课设\network\client_1\debug\server_2.ilk
f:\计算机网络课设\network\client_1\debug\server_4.ilk
f:\计算机网络课设\network\client_1\debug\client_2.pdb
f:\计算机网络课设\network\client_1\debug\client_4.pdb
f:\计算机网络课设\network\client_1\debug\ioclient_2.pdb
f:\计算机网络课设\network\client_1\debug\iorawsocket_3.pdb
f:\计算机网络课设\network\client_1\debug\ioserver_2.pdb
f:\计算机网络课设\network\client_1\debug\rowsocket_3.pdb
f:\计算机网络课设\network\client_1\debug\server_1.pdb
f:\计算机网络课设\network\client_1\debug\server_2.pdb
f:\计算机网络课设\network\client_1\debug\server_4.pdb
f:\计算机网络课设\network\client_1\debug\client_1.tlog\cl.command.1.tlog
f:\计算机网络课设\network\client_1\debug\client_1.tlog\cl.read.1.tlog
f:\计算机网络课设\network\client_1\debug\client_1.tlog\cl.write.1.tlog
f:\计算机网络课设\network\client_1\debug\client_1.tlog\link.command.1.tlog
f:\计算机网络课设\network\client_1\debug\client_1.tlog\link.read.1.tlog
f:\计算机网络课设\network\client_1\debug\client_1.tlog\link.write.1.tlog
